Nov 28 20:23:19 Installed: wget-1.14-18.el7_6.1.x86_64
Nov 28 20:23:47 Installed: epel-release-7-11.noarch
Nov 28 20:28:16 Installed: 1:bash-completion-2.1-8.el7.noarch
Nov 28 20:34:27 Installed: 1:perl-parent-0.225-244.el7.noarch
Nov 28 20:34:27 Installed: perl-HTTP-Tiny-0.033-3.el7.noarch
Nov 28 20:34:28 Installed: perl-podlators-2.5.1-3.el7.noarch
Nov 28 20:34:28 Installed: perl-Pod-Perldoc-3.20-4.el7.noarch
Nov 28 20:34:28 Installed: 1:perl-Pod-Escapes-1.04-299.el7_9.noarch
Nov 28 20:34:28 Installed: perl-Encode-2.51-7.el7.x86_64
Nov 28 20:34:28 Installed: perl-Text-ParseWords-3.29-4.el7.noarch
Nov 28 20:34:28 Installed: perl-Pod-Usage-1.63-3.el7.noarch
Nov 28 20:34:28 Installed: 4:perl-macros-5.16.3-299.el7_9.x86_64
Nov 28 20:34:28 Installed: perl-Storable-2.45-3.el7.x86_64
Nov 28 20:34:28 Installed: perl-Exporter-5.68-3.el7.noarch
Nov 28 20:34:28 Installed: perl-constant-1.27-2.el7.noarch
Nov 28 20:34:28 Installed: perl-Socket-2.010-5.el7.x86_64
Nov 28 20:34:28 Installed: perl-Time-Local-1.2300-2.el7.noarch
Nov 28 20:34:28 Installed: perl-Carp-1.26-244.el7.noarch
Nov 28 20:34:28 Installed: perl-PathTools-3.40-5.el7.x86_64
Nov 28 20:34:28 Installed: perl-Scalar-List-Utils-1.27-248.el7.x86_64
Nov 28 20:34:28 Installed: 1:perl-Pod-Simple-3.28-4.el7.noarch
Nov 28 20:34:28 Installed: perl-File-Temp-0.23.01-3.el7.noarch
Nov 28 20:34:28 Installed: perl-File-Path-2.09-2.el7.noarch
Nov 28 20:34:28 Installed: perl-threads-shared-1.43-6.el7.x86_64
Nov 28 20:34:28 Installed: perl-threads-1.87-4.el7.x86_64
Nov 28 20:34:28 Installed: 4:perl-Time-HiRes-1.9725-3.el7.x86_64
Nov 28 20:34:28 Installed: perl-Filter-1.49-3.el7.x86_64
Nov 28 20:34:29 Installed: 4:perl-libs-5.16.3-299.el7_9.x86_64
Nov 28 20:34:29 Installed: perl-Getopt-Long-2.40-3.el7.noarch
Nov 28 20:34:31 Installed: 4:perl-5.16.3-299.el7_9.x86_64
Nov 28 20:34:31 Installed: gpm-libs-1.20.7-6.el7.x86_64
Nov 28 20:34:31 Installed: 2:vim-filesystem-7.4.629-8.el7_9.x86_64
Nov 28 20:34:33 Installed: 2:vim-common-7.4.629-8.el7_9.x86_64
Nov 28 20:34:33 Installed: 2:vim-enhanced-7.4.629-8.el7_9.x86_64
Dec 13 17:15:35 Installed: zabbix50-5.0.18-1.el7.x86_64
Dec 13 17:15:36 Installed: zabbix50-agent-5.0.18-1.el7.x86_64
Dec 13 18:01:39 Installed: lsof-4.87-6.el7.x86_64
Dec 13 18:54:52 Erased: zabbix50-agent-5.0.18-1.el7.x86_64
Dec 13 18:54:52 Erased: zabbix50-5.0.18-1.el7.x86_64
Dec 13 18:58:32 Installed: zabbix-agent-3.4.1-1.el7.x86_64
Dec 13 19:00:44 Updated: zabbix-agent-3.4.15-1.el7.x86_64
Dec 17 08:58:51 Installed: net-tools-2.0-0.25.20131004git.el7.x86_64
Dec 17 09:02:51 Installed: lm_sensors-libs-3.4.0-8.20160601gitf9185e5.el7.x86_64
Dec 17 09:02:51 Installed: sysstat-10.1.5-19.el7.x86_64
Dec 18 13:48:44 Installed: python2-regex-2021.10.23-1.el7.x86_64
Dec 18 17:52:33 Installed: apr-1.4.8-7.el7.x86_64
Dec 18 17:52:33 Installed: apr-util-1.5.2-6.el7.x86_64
Dec 18 17:52:33 Installed: httpd-tools-2.4.6-97.el7.centos.2.x86_64
Dec 18 17:52:33 Installed: mailcap-2.1.41-2.el7.noarch
Dec 18 17:52:34 Installed: httpd-2.4.6-97.el7.centos.2.x86_64
Dec 18 21:04:14 Updated: epel-release-7-14.noarch
Dec 19 17:37:23 Installed: patch-2.7.1-12.el7_7.x86_64
Dec 19 18:29:11 Installed: 3:traceroute-2.0.22-2.el7.x86_64
Dec 19 18:31:49 Installed: fontpackages-filesystem-1.44-8.el7.noarch
Dec 19 18:31:49 Installed: dejavu-fonts-common-2.33-6.el7.noarch
Dec 19 18:31:50 Installed: dejavu-sans-fonts-2.33-6.el7.noarch
Dec 19 18:31:51 Installed: fontconfig-2.13.0-4.3.el7.x86_64
Dec 19 18:31:51 Installed: libX11-common-1.6.7-4.el7_9.noarch
Dec 19 18:31:51 Installed: libXau-1.0.8-2.1.el7.x86_64
Dec 19 18:31:51 Installed: libxcb-1.13-1.el7.x86_64
Dec 19 18:31:51 Installed: libX11-1.6.7-4.el7_9.x86_64
Dec 19 18:31:51 Installed: libXpm-3.5.12-1.el7.x86_64
Dec 19 18:31:51 Installed: libjpeg-turbo-1.2.90-8.el7.x86_64
Dec 19 18:31:51 Installed: gd-2.0.35-27.el7_9.x86_64
Dec 19 18:31:51 Installed: vnstat-1.15-2.el7.x86_64
Dec 19 20:44:31 Installed: htop-2.2.0-3.el7.x86_64
Dec 20 06:30:05 Installed: libseccomp-2.3.1-4.el7.x86_64
Dec 20 06:30:05 Installed: chrony-3.4-1.el7.x86_64
Dec 19 23:05:46 Installed: finger-0.17-52.el7.x86_64
Dec 22 15:27:25 Installed: 1:openssl11-libs-1.1.1k-2.el7.x86_64
Dec 22 15:27:25 Installed: gperftools-libs-2.6.1-1.el7.x86_64
Dec 22 15:27:25 Installed: 1:nginx-filesystem-1.20.1-9.el7.noarch
Dec 22 15:27:25 Installed: centos-indexhtml-7-9.el7.centos.noarch
Dec 22 15:27:25 Installed: 1:nginx-1.20.1-9.el7.x86_64
Dec 22 15:42:41 Installed: vsftpd-3.0.2-29.el7_9.x86_64
Dec 22 16:24:56 Erased: httpd-2.4.6-97.el7.centos.2.x86_64
Dec 22 16:26:16 Installed: httpd-2.4.6-97.el7.centos.2.x86_64
Dec 22 16:35:47 Installed: 14:libpcap-1.5.3-12.el7.x86_64
Dec 22 16:35:47 Installed: 2:nmap-ncat-6.40-19.el7.x86_64
Dec 22 20:48:56 Installed: jemalloc-3.6.0-1.el7.x86_64
Dec 22 20:48:56 Installed: redis-3.2.12-2.el7.x86_64
Dec 24 16:10:26 Installed: 1:perl-Error-0.17020-2.el7.noarch
Dec 24 16:10:26 Installed: rsync-3.1.2-10.el7.x86_64
Dec 24 16:10:26 Installed: perl-TermReadKey-2.30-20.el7.x86_64
Dec 24 16:10:26 Installed: perl-Git-1.8.3.1-23.el7_8.noarch
Dec 24 16:10:27 Installed: git-1.8.3.1-23.el7_8.x86_64
Dec 26 18:03:04 Installed: lrzsz-0.12.20-36.el7.x86_64
Dec 26 18:32:21 Updated: libgcc-4.8.5-44.el7.x86_64
Dec 26 18:32:21 Updated: glibc-2.17-325.el7_9.x86_64
Dec 26 18:32:29 Updated: glibc-common-2.17-325.el7_9.x86_64
Dec 26 18:32:29 Installed: mpfr-3.1.1-4.el7.x86_64
Dec 26 18:32:29 Installed: libmpc-1.0.1-3.el7.x86_64
Dec 26 18:32:30 Installed: cpp-4.8.5-44.el7.x86_64
Dec 26 18:32:30 Updated: libgomp-4.8.5-44.el7.x86_64
Dec 26 18:32:30 Installed: kernel-headers-3.10.0-1160.49.1.el7.x86_64
Dec 26 18:32:30 Installed: glibc-headers-2.17-325.el7_9.x86_64
Dec 26 18:32:31 Installed: glibc-devel-2.17-325.el7_9.x86_64
Dec 26 18:32:32 Installed: gcc-4.8.5-44.el7.x86_64
Dec 26 18:38:10 Installed: pcre-devel-8.32-17.el7.x86_64
Dec 26 18:47:31 Updated: libcom_err-1.42.9-19.el7.x86_64
Dec 26 18:47:31 Updated: libselinux-2.5-15.el7.x86_64
Dec 26 18:47:31 Updated: zlib-1.2.7-19.el7_9.x86_64
Dec 26 18:47:31 Updated: 1:openssl-libs-1.0.2k-22.el7_9.x86_64
Dec 26 18:47:31 Updated: krb5-libs-1.15.1-51.el7_9.x86_64
Dec 26 18:47:31 Updated: libdb-5.3.21-25.el7.x86_64
Dec 26 18:47:31 Updated: openldap-2.4.44-24.el7_9.x86_64
Dec 26 18:47:31 Installed: cyrus-sasl-2.1.26-23.el7.x86_64
Dec 26 18:47:32 Installed: cyrus-sasl-devel-2.1.26-23.el7.x86_64
Dec 26 18:47:32 Installed: openldap-devel-2.4.44-24.el7_9.x86_64
Dec 26 18:47:32 Installed: libdb-devel-5.3.21-25.el7.x86_64
Dec 26 18:47:32 Installed: libkadm5-1.15.1-51.el7_9.x86_64
Dec 26 18:47:32 Installed: zlib-devel-1.2.7-19.el7_9.x86_64
Dec 26 18:47:32 Updated: e2fsprogs-libs-1.42.9-19.el7.x86_64
Dec 26 18:47:32 Updated: libss-1.42.9-19.el7.x86_64
Dec 26 18:47:32 Installed: libcom_err-devel-1.42.9-19.el7.x86_64
Dec 26 18:47:32 Installed: libsepol-devel-2.5-10.el7.x86_64
Dec 26 18:47:32 Installed: libselinux-devel-2.5-15.el7.x86_64
Dec 26 18:47:32 Installed: libverto-devel-0.2.5-4.el7.x86_64
Dec 26 18:47:32 Installed: keyutils-libs-devel-1.5.8-3.el7.x86_64
Dec 26 18:47:32 Installed: krb5-devel-1.15.1-51.el7_9.x86_64
Dec 26 18:47:32 Installed: apr-devel-1.4.8-7.el7.x86_64
Dec 26 18:47:32 Updated: expat-2.1.0-12.el7.x86_64
Dec 26 18:47:32 Installed: expat-devel-2.1.0-12.el7.x86_64
Dec 26 18:47:32 Installed: apr-util-devel-1.5.2-6.el7.x86_64
Dec 26 18:47:33 Installed: 1:openssl-devel-1.0.2k-22.el7_9.x86_64
Dec 26 18:47:33 Updated: e2fsprogs-1.42.9-19.el7.x86_64
Dec 26 18:47:33 Updated: libdb-utils-5.3.21-25.el7.x86_64
Dec 26 18:47:33 Updated: 1:openssl-1.0.2k-22.el7_9.x86_64
Dec 26 18:47:33 Updated: libselinux-utils-2.5-15.el7.x86_64
Dec 26 18:47:33 Updated: libselinux-python-2.5-15.el7.x86_64
